SF:lib/feature/penjual/bloc/add_category_bloc/add_category_state.dart
DA:4,6
DA:12,2
DA:13,2
DA:14,2
DA:15,2
DA:18,2
DA:22,2
DA:23,1
DA:24,2
LF:9
LH:9
end_of_record
SF:lib/feature/penjual/bloc/add_category_bloc/add_category_event.dart
DA:4,3
DA:6,1
DA:7,1
DA:14,2
DA:19,1
DA:20,3
DA:26,2
DA:28,1
DA:29,2
LF:9
LH:9
end_of_record
SF:lib/feature/penjual/bloc/add_category_bloc/add_category_bloc.dart
DA:14,1
DA:17,1
DA:19,2
DA:21,2
DA:24,1
DA:28,3
DA:33,3
DA:34,1
DA:35,1
DA:38,3
DA:42,3
DA:48,1
DA:52,2
DA:54,3
DA:56,2
LF:15
LH:15
end_of_record
SF:lib/feature/penjual/model/category_input.dart
DA:3,3
DA:6,3
DA:7,2
DA:9,1
DA:11,2
LF:5
LH:5
end_of_record
